"C:\Users\Anabela\Desktop\Bárbara\CLion 2019.3.4\bin\cmake\win\bin\cmake.exe" -DCMAKE_BUILD_TYPE=Debug -G "CodeBlocks - NMake Makefiles" C:\Users\Anabela\Desktop\Bárbara\LI2_Project\LI2_Project
-- The C compiler identification is MSVC 19.12.25830.2
-- Check for working C compiler: C:/Program Files (x86)/Microsoft Visual Studio/2017/Community/VC/Tools/MSVC/14.12.25827/bin/Hostx86/x86/cl.exe
-- Check for working C compiler: C:/Program Files (x86)/Microsoft Visual Studio/2017/Community/VC/Tools/MSVC/14.12.25827/bin/Hostx86/x86/cl.exe -- broken
CMake Error at C:/Users/Anabela/Desktop/BÃ¡rbara/CLion 2019.3.4/bin/cmake/win/share/cmake-3.15/Modules/CMakeTestCCompiler.cmake:60 (message):
  The C compiler

    "C:/Program Files (x86)/Microsoft Visual Studio/2017/Community/VC/Tools/MSVC/14.12.25827/bin/Hostx86/x86/cl.exe"

  is not able to compile a simple test program.

  It fails with the following output:

    Change Dir: C:/Users/Anabela/Desktop/BÃ¡rbara/LI2_Project/LI2_Project/cmake-build-debug/CMakeFiles/CMakeTmp
    
    Run Build Command(s):nmake /nologo cmTC_b755f\fast && 	"C:\Program Files (x86)\Microsoft Visual Studio\2017\Community\VC\Tools\MSVC\14.12.25827\bin\HostX86\x86\nmake.exe" -f CMakeFiles\cmTC_b755f.dir\build.make /nologo -L                  CMakeFiles\cmTC_b755f.dir\build
    Building C object CMakeFiles/cmTC_b755f.dir/testCCompiler.c.obj
    	C:\PROGRA~2\MICROS~4\2017\COMMUN~1\VC\Tools\MSVC\1412~1.258\bin\Hostx86\x86\cl.exe @C:\Users\Anabela\AppData\Local\Temp\nmF00B.tmp
    testCCompiler.c
    Linking C executable cmTC_b755f.exe
    	"C:\Users\Anabela\Desktop\BÃŸrbara\CLion 2019.3.4\bin\cmake\win\bin\cmake.exe" -E vs_link_exe --intdir=CMakeFiles\cmTC_b755f.dir --rc=C:\PROGRA~2\WI3CF2~1\10\bin\100162~1.0\x86\rc.exe --mt=C:\PROGRA~2\WI3CF2~1\10\bin\100162~1.0\x86\mt.exe --manifests  -- C:\PROGRA~2\MICROS~4\2017\COMMUN~1\VC\Tools\MSVC\1412~1.258\bin\Hostx86\x86\link.exe /nologo @CMakeFiles\cmTC_b755f.dir\objects1.rsp @C:\Users\Anabela\AppData\Local\Temp\nmF694.tmp
    LINK Pass 1: command "C:\PROGRA~2\MICROS~4\2017\COMMUN~1\VC\Tools\MSVC\1412~1.258\bin\Hostx86\x86\link.exe /nologo @CMakeFiles\cmTC_b755f.dir\objects1.rsp /out:cmTC_b755f.exe /implib:cmTC_b755f.lib /pdb:C:\Users\Anabela\Desktop\B?rbara\LI2_Project\LI2_Project\cmake-build-debug\CMakeFiles\CMakeTmp\cmTC_b755f.pdb /version:0.0 /machine:X86 /debug /INCREMENTAL /subsystem:console kernel32.lib user32.lib gdi32.lib winspool.lib shell32.lib ole32.lib oleaut32.lib uuid.lib comdlg32.lib advapi32.lib /MANIFEST /MANIFESTFILE:CMakeFiles\cmTC_b755f.dir/intermediate.manifest CMakeFiles\cmTC_b755f.dir/manifest.res" failed (exit code 1201) with the following output:
    LINK : fatal error LNK1201: erro de escrita no programa de banco de dados 'C:\Users\Anabela\Desktop\B?rbara\LI2_Project\LI2_Project\cmake-build-debug\CMakeFiles\CMakeTmp\cmTC_b755f.pdb'; verifique por espaÃ¾o em disco insuficiente, caminho invÃŸlido, ou privilÃšgio insuficiente
    NMAKE : fatal error U1077: '"C:\Users\Anabela\Desktop\BÃŸrbara\CLion 2019.3.4\bin\cmake\win\bin\cmake.exe"' : cÂ¾digo de retorno '0xffffffff'
    Stop.
    NMAKE : fatal error U1077: '"C:\Program Files (x86)\Microsoft Visual Studio\2017\Community\VC\Tools\MSVC\14.12.25827\bin\HostX86\x86\nmake.exe"' : cÂ¾digo de retorno '0x2'
    Stop.
    
    

  

  CMake will not be able to correctly generate this project.
Call Stack (most recent call first):
  CMakeLists.txt:2 (project)


-- Configuring incomplete, errors occurred!
See also "C:/Users/Anabela/Desktop/BÃ¡rbara/LI2_Project/LI2_Project/cmake-build-debug/CMakeFiles/CMakeOutput.log".
See also "C:/Users/Anabela/Desktop/BÃ¡rbara/LI2_Project/LI2_Project/cmake-build-debug/CMakeFiles/CMakeError.log".
